<?xml version="1.0" encoding="UTF-8"?>
<testsuite xmlns:xsi="http://www.w3.org/2001/XMLSchema-instance" xsi:noNamespaceSchemaLocation="https://maven.apache.org/surefire/maven-surefire-plugin/xsd/surefire-test-report-3.0.xsd" version="3.0" name="TestSuite" time="174.34" tests="11" errors="0" skipped="0" failures="0">
  <properties>
    <property name="java.specification.version" value="17"/>
    <property name="sun.jnu.encoding" value="UTF-8"/>
    <property name="java.class.path" value="/app/target/test-classes:/app/target/classes:/root/.m2/repository/org/seleniumhq/selenium/selenium-java/4.22.0/selenium-java-4.22.0.jar:/root/.m2/repository/org/seleniumhq/selenium/selenium-api/4.22.0/selenium-api-4.22.0.jar:/root/.m2/repository/org/seleniumhq/selenium/selenium-chrome-driver/4.22.0/selenium-chrome-driver-4.22.0.jar:/root/.m2/repository/org/seleniumhq/selenium/selenium-chromium-driver/4.22.0/selenium-chromium-driver-4.22.0.jar:/root/.m2/repository/org/seleniumhq/selenium/selenium-manager/4.22.0/selenium-manager-4.22.0.jar:/root/.m2/repository/org/seleniumhq/selenium/selenium-devtools-v124/4.22.0/selenium-devtools-v124-4.22.0.jar:/root/.m2/repository/org/seleniumhq/selenium/selenium-devtools-v125/4.22.0/selenium-devtools-v125-4.22.0.jar:/root/.m2/repository/org/seleniumhq/selenium/selenium-devtools-v85/4.22.0/selenium-devtools-v85-4.22.0.jar:/root/.m2/repository/org/seleniumhq/selenium/selenium-edge-driver/4.22.0/selenium-edge-driver-4.22.0.jar:/root/.m2/repository/org/seleniumhq/selenium/selenium-firefox-driver/4.22.0/selenium-firefox-driver-4.22.0.jar:/root/.m2/repository/org/seleniumhq/selenium/selenium-http/4.22.0/selenium-http-4.22.0.jar:/root/.m2/repository/dev/failsafe/failsafe/3.3.2/failsafe-3.3.2.jar:/root/.m2/repository/org/seleniumhq/selenium/selenium-ie-driver/4.22.0/selenium-ie-driver-4.22.0.jar:/root/.m2/repository/org/seleniumhq/selenium/selenium-remote-driver/4.22.0/selenium-remote-driver-4.22.0.jar:/root/.m2/repository/com/google/guava/guava/33.2.1-jre/guava-33.2.1-jre.jar:/root/.m2/repository/com/google/guava/failureaccess/1.0.2/failureaccess-1.0.2.jar:/root/.m2/repository/com/google/guava/listenablefuture/9999.0-empty-to-avoid-conflict-with-guava/listenablefuture-9999.0-empty-to-avoid-conflict-with-guava.jar:/root/.m2/repository/com/google/code/findbugs/jsr305/3.0.2/jsr305-3.0.2.jar:/root/.m2/repository/org/checkerframework/checker-qual/3.42.0/checker-qual-3.42.0.jar:/root/.m2/repository/com/google/errorprone/error_prone_annotations/2.26.1/error_prone_annotations-2.26.1.jar:/root/.m2/repository/com/google/j2objc/j2objc-annotations/3.0.0/j2objc-annotations-3.0.0.jar:/root/.m2/repository/io/opentelemetry/semconv/opentelemetry-semconv/1.25.0-alpha/opentelemetry-semconv-1.25.0-alpha.jar:/root/.m2/repository/io/opentelemetry/opentelemetry-api/1.39.0/opentelemetry-api-1.39.0.jar:/root/.m2/repository/io/opentelemetry/opentelemetry-context/1.39.0/opentelemetry-context-1.39.0.jar:/root/.m2/repository/io/opentelemetry/opentelemetry-exporter-logging/1.39.0/opentelemetry-exporter-logging-1.39.0.jar:/root/.m2/repository/io/opentelemetry/opentelemetry-sdk-common/1.39.0/opentelemetry-sdk-common-1.39.0.jar:/root/.m2/repository/io/opentelemetry/opentelemetry-sdk-extension-autoconfigure-spi/1.39.0/opentelemetry-sdk-extension-autoconfigure-spi-1.39.0.jar:/root/.m2/repository/io/opentelemetry/opentelemetry-sdk-extension-autoconfigure/1.39.0/opentelemetry-sdk-extension-autoconfigure-1.39.0.jar:/root/.m2/repository/io/opentelemetry/opentelemetry-api-incubator/1.39.0-alpha/opentelemetry-api-incubator-1.39.0-alpha.jar:/root/.m2/repository/io/opentelemetry/opentelemetry-sdk-trace/1.39.0/opentelemetry-sdk-trace-1.39.0.jar:/root/.m2/repository/io/opentelemetry/opentelemetry-sdk/1.39.0/opentelemetry-sdk-1.39.0.jar:/root/.m2/repository/io/opentelemetry/opentelemetry-sdk-metrics/1.39.0/opentelemetry-sdk-metrics-1.39.0.jar:/root/.m2/repository/io/opentelemetry/opentelemetry-sdk-logs/1.39.0/opentelemetry-sdk-logs-1.39.0.jar:/root/.m2/repository/net/bytebuddy/byte-buddy/1.14.17/byte-buddy-1.14.17.jar:/root/.m2/repository/org/seleniumhq/selenium/selenium-os/4.22.0/selenium-os-4.22.0.jar:/root/.m2/repository/org/apache/commons/commons-exec/1.4.0/commons-exec-1.4.0.jar:/root/.m2/repository/org/seleniumhq/selenium/selenium-safari-driver/4.22.0/selenium-safari-driver-4.22.0.jar:/root/.m2/repository/org/seleniumhq/selenium/selenium-support/4.22.0/selenium-support-4.22.0.jar:/root/.m2/repository/org/seleniumhq/selenium/selenium-devtools-v126/4.22.0/selenium-devtools-v126-4.22.0.jar:/root/.m2/repository/com/google/auto/service/auto-service-annotations/1.1.1/auto-service-annotations-1.1.1.jar:/root/.m2/repository/org/seleniumhq/selenium/selenium-json/4.22.0/selenium-json-4.22.0.jar:/root/.m2/repository/org/testng/testng/7.9.0/testng-7.9.0.jar:/root/.m2/repository/org/slf4j/slf4j-api/1.7.36/slf4j-api-1.7.36.jar:/root/.m2/repository/com/beust/jcommander/1.82/jcommander-1.82.jar:/root/.m2/repository/org/webjars/jquery/3.7.1/jquery-3.7.1.jar:/root/.m2/repository/com/aventstack/extentreports/5.1.1/extentreports-5.1.1.jar:/root/.m2/repository/io/reactivex/rxjava3/rxjava/3.1.6/rxjava-3.1.6.jar:/root/.m2/repository/org/reactivestreams/reactive-streams/1.0.4/reactive-streams-1.0.4.jar:/root/.m2/repository/org/freemarker/freemarker/2.3.32/freemarker-2.3.32.jar:/root/.m2/repository/org/projectlombok/lombok/1.18.26/lombok-1.18.26.jar:/root/.m2/repository/com/google/code/gson/gson/2.10.1/gson-2.10.1.jar:/root/.m2/repository/io/rest-assured/rest-assured/5.4.0/rest-assured-5.4.0.jar:/root/.m2/repository/org/apache/groovy/groovy/4.0.16/groovy-4.0.16.jar:/root/.m2/repository/org/apache/groovy/groovy-xml/4.0.16/groovy-xml-4.0.16.jar:/root/.m2/repository/org/apache/httpcomponents/httpclient/4.5.13/httpclient-4.5.13.jar:/root/.m2/repository/org/apache/httpcomponents/httpcore/4.4.13/httpcore-4.4.13.jar:/root/.m2/repository/commons-logging/commons-logging/1.2/commons-logging-1.2.jar:/root/.m2/repository/commons-codec/commons-codec/1.11/commons-codec-1.11.jar:/root/.m2/repository/org/apache/httpcomponents/httpmime/4.5.13/httpmime-4.5.13.jar:/root/.m2/repository/org/hamcrest/hamcrest/2.2/hamcrest-2.2.jar:/root/.m2/repository/org/ccil/cowan/tagsoup/tagsoup/1.2.1/tagsoup-1.2.1.jar:/root/.m2/repository/io/rest-assured/json-path/5.4.0/json-path-5.4.0.jar:/root/.m2/repository/org/apache/groovy/groovy-json/4.0.16/groovy-json-4.0.16.jar:/root/.m2/repository/io/rest-assured/rest-assured-common/5.4.0/rest-assured-common-5.4.0.jar:/root/.m2/repository/io/rest-assured/xml-path/5.4.0/xml-path-5.4.0.jar:/root/.m2/repository/org/apache/commons/commons-lang3/3.11/commons-lang3-3.11.jar:/root/.m2/repository/org/slf4j/slf4j-simple/2.0.13/slf4j-simple-2.0.13.jar:"/>
    <property name="java.vm.vendor" value="Oracle Corporation"/>
    <property name="sun.arch.data.model" value="64"/>
    <property name="java.vendor.url" value="https://java.oracle.com/"/>
    <property name="user.timezone" value="Etc/UTC"/>
    <property name="os.name" value="Linux"/>
    <property name="java.vm.specification.version" value="17"/>
    <property name="sun.java.launcher" value="SUN_STANDARD"/>
    <property name="sun.boot.library.path" value="/usr/local/openjdk-17/lib"/>
    <property name="sun.java.command" value="/app/target/surefire/surefirebooter-20250630022551058_3.jar /app/target/surefire 2025-06-30T02-25-50_358-jvmRun1 surefire-20250630022551058_1tmp surefire_0-20250630022551058_2tmp"/>
    <property name="jdk.debug" value="release"/>
    <property name="surefire.test.class.path" value="/app/target/test-classes:/app/target/classes:/root/.m2/repository/org/seleniumhq/selenium/selenium-java/4.22.0/selenium-java-4.22.0.jar:/root/.m2/repository/org/seleniumhq/selenium/selenium-api/4.22.0/selenium-api-4.22.0.jar:/root/.m2/repository/org/seleniumhq/selenium/selenium-chrome-driver/4.22.0/selenium-chrome-driver-4.22.0.jar:/root/.m2/repository/org/seleniumhq/selenium/selenium-chromium-driver/4.22.0/selenium-chromium-driver-4.22.0.jar:/root/.m2/repository/org/seleniumhq/selenium/selenium-manager/4.22.0/selenium-manager-4.22.0.jar:/root/.m2/repository/org/seleniumhq/selenium/selenium-devtools-v124/4.22.0/selenium-devtools-v124-4.22.0.jar:/root/.m2/repository/org/seleniumhq/selenium/selenium-devtools-v125/4.22.0/selenium-devtools-v125-4.22.0.jar:/root/.m2/repository/org/seleniumhq/selenium/selenium-devtools-v85/4.22.0/selenium-devtools-v85-4.22.0.jar:/root/.m2/repository/org/seleniumhq/selenium/selenium-edge-driver/4.22.0/selenium-edge-driver-4.22.0.jar:/root/.m2/repository/org/seleniumhq/selenium/selenium-firefox-driver/4.22.0/selenium-firefox-driver-4.22.0.jar:/root/.m2/repository/org/seleniumhq/selenium/selenium-http/4.22.0/selenium-http-4.22.0.jar:/root/.m2/repository/dev/failsafe/failsafe/3.3.2/failsafe-3.3.2.jar:/root/.m2/repository/org/seleniumhq/selenium/selenium-ie-driver/4.22.0/selenium-ie-driver-4.22.0.jar:/root/.m2/repository/org/seleniumhq/selenium/selenium-remote-driver/4.22.0/selenium-remote-driver-4.22.0.jar:/root/.m2/repository/com/google/guava/guava/33.2.1-jre/guava-33.2.1-jre.jar:/root/.m2/repository/com/google/guava/failureaccess/1.0.2/failureaccess-1.0.2.jar:/root/.m2/repository/com/google/guava/listenablefuture/9999.0-empty-to-avoid-conflict-with-guava/listenablefuture-9999.0-empty-to-avoid-conflict-with-guava.jar:/root/.m2/repository/com/google/code/findbugs/jsr305/3.0.2/jsr305-3.0.2.jar:/root/.m2/repository/org/checkerframework/checker-qual/3.42.0/checker-qual-3.42.0.jar:/root/.m2/repository/com/google/errorprone/error_prone_annotations/2.26.1/error_prone_annotations-2.26.1.jar:/root/.m2/repository/com/google/j2objc/j2objc-annotations/3.0.0/j2objc-annotations-3.0.0.jar:/root/.m2/repository/io/opentelemetry/semconv/opentelemetry-semconv/1.25.0-alpha/opentelemetry-semconv-1.25.0-alpha.jar:/root/.m2/repository/io/opentelemetry/opentelemetry-api/1.39.0/opentelemetry-api-1.39.0.jar:/root/.m2/repository/io/opentelemetry/opentelemetry-context/1.39.0/opentelemetry-context-1.39.0.jar:/root/.m2/repository/io/opentelemetry/opentelemetry-exporter-logging/1.39.0/opentelemetry-exporter-logging-1.39.0.jar:/root/.m2/repository/io/opentelemetry/opentelemetry-sdk-common/1.39.0/opentelemetry-sdk-common-1.39.0.jar:/root/.m2/repository/io/opentelemetry/opentelemetry-sdk-extension-autoconfigure-spi/1.39.0/opentelemetry-sdk-extension-autoconfigure-spi-1.39.0.jar:/root/.m2/repository/io/opentelemetry/opentelemetry-sdk-extension-autoconfigure/1.39.0/opentelemetry-sdk-extension-autoconfigure-1.39.0.jar:/root/.m2/repository/io/opentelemetry/opentelemetry-api-incubator/1.39.0-alpha/opentelemetry-api-incubator-1.39.0-alpha.jar:/root/.m2/repository/io/opentelemetry/opentelemetry-sdk-trace/1.39.0/opentelemetry-sdk-trace-1.39.0.jar:/root/.m2/repository/io/opentelemetry/opentelemetry-sdk/1.39.0/opentelemetry-sdk-1.39.0.jar:/root/.m2/repository/io/opentelemetry/opentelemetry-sdk-metrics/1.39.0/opentelemetry-sdk-metrics-1.39.0.jar:/root/.m2/repository/io/opentelemetry/opentelemetry-sdk-logs/1.39.0/opentelemetry-sdk-logs-1.39.0.jar:/root/.m2/repository/net/bytebuddy/byte-buddy/1.14.17/byte-buddy-1.14.17.jar:/root/.m2/repository/org/seleniumhq/selenium/selenium-os/4.22.0/selenium-os-4.22.0.jar:/root/.m2/repository/org/apache/commons/commons-exec/1.4.0/commons-exec-1.4.0.jar:/root/.m2/repository/org/seleniumhq/selenium/selenium-safari-driver/4.22.0/selenium-safari-driver-4.22.0.jar:/root/.m2/repository/org/seleniumhq/selenium/selenium-support/4.22.0/selenium-support-4.22.0.jar:/root/.m2/repository/org/seleniumhq/selenium/selenium-devtools-v126/4.22.0/selenium-devtools-v126-4.22.0.jar:/root/.m2/repository/com/google/auto/service/auto-service-annotations/1.1.1/auto-service-annotations-1.1.1.jar:/root/.m2/repository/org/seleniumhq/selenium/selenium-json/4.22.0/selenium-json-4.22.0.jar:/root/.m2/repository/org/testng/testng/7.9.0/testng-7.9.0.jar:/root/.m2/repository/org/slf4j/slf4j-api/1.7.36/slf4j-api-1.7.36.jar:/root/.m2/repository/com/beust/jcommander/1.82/jcommander-1.82.jar:/root/.m2/repository/org/webjars/jquery/3.7.1/jquery-3.7.1.jar:/root/.m2/repository/com/aventstack/extentreports/5.1.1/extentreports-5.1.1.jar:/root/.m2/repository/io/reactivex/rxjava3/rxjava/3.1.6/rxjava-3.1.6.jar:/root/.m2/repository/org/reactivestreams/reactive-streams/1.0.4/reactive-streams-1.0.4.jar:/root/.m2/repository/org/freemarker/freemarker/2.3.32/freemarker-2.3.32.jar:/root/.m2/repository/org/projectlombok/lombok/1.18.26/lombok-1.18.26.jar:/root/.m2/repository/com/google/code/gson/gson/2.10.1/gson-2.10.1.jar:/root/.m2/repository/io/rest-assured/rest-assured/5.4.0/rest-assured-5.4.0.jar:/root/.m2/repository/org/apache/groovy/groovy/4.0.16/groovy-4.0.16.jar:/root/.m2/repository/org/apache/groovy/groovy-xml/4.0.16/groovy-xml-4.0.16.jar:/root/.m2/repository/org/apache/httpcomponents/httpclient/4.5.13/httpclient-4.5.13.jar:/root/.m2/repository/org/apache/httpcomponents/httpcore/4.4.13/httpcore-4.4.13.jar:/root/.m2/repository/commons-logging/commons-logging/1.2/commons-logging-1.2.jar:/root/.m2/repository/commons-codec/commons-codec/1.11/commons-codec-1.11.jar:/root/.m2/repository/org/apache/httpcomponents/httpmime/4.5.13/httpmime-4.5.13.jar:/root/.m2/repository/org/hamcrest/hamcrest/2.2/hamcrest-2.2.jar:/root/.m2/repository/org/ccil/cowan/tagsoup/tagsoup/1.2.1/tagsoup-1.2.1.jar:/root/.m2/repository/io/rest-assured/json-path/5.4.0/json-path-5.4.0.jar:/root/.m2/repository/org/apache/groovy/groovy-json/4.0.16/groovy-json-4.0.16.jar:/root/.m2/repository/io/rest-assured/rest-assured-common/5.4.0/rest-assured-common-5.4.0.jar:/root/.m2/repository/io/rest-assured/xml-path/5.4.0/xml-path-5.4.0.jar:/root/.m2/repository/org/apache/commons/commons-lang3/3.11/commons-lang3-3.11.jar:/root/.m2/repository/org/slf4j/slf4j-simple/2.0.13/slf4j-simple-2.0.13.jar:"/>
    <property name="sun.cpu.endian" value="little"/>
    <property name="user.home" value="/root"/>
    <property name="user.language" value="en"/>
    <property name="java.specification.vendor" value="Oracle Corporation"/>
    <property name="java.version.date" value="2022-01-18"/>
    <property name="java.home" value="/usr/local/openjdk-17"/>
    <property name="file.separator" value="/"/>
    <property name="basedir" value="/app"/>
    <property name="java.vm.compressedOopsMode" value="32-bit"/>
    <property name="line.separator" value="&#10;"/>
    <property name="java.vm.specification.vendor" value="Oracle Corporation"/>
    <property name="java.specification.name" value="Java Platform API Specification"/>
    <property name="surefire.real.class.path" value="/app/target/surefire/surefirebooter-20250630022551058_3.jar"/>
    <property name="sun.management.compiler" value="HotSpot 64-Bit Tiered Compilers"/>
    <property name="java.runtime.version" value="17.0.2+8-86"/>
    <property name="user.name" value="root"/>
    <property name="path.separator" value=":"/>
    <property name="os.version" value="6.6.87.2-microsoft-standard-WSL2"/>
    <property name="java.runtime.name" value="OpenJDK Runtime Environment"/>
    <property name="file.encoding" value="UTF-8"/>
    <property name="java.vm.name" value="OpenJDK 64-Bit Server VM"/>
    <property name="localRepository" value="/root/.m2/repository"/>
    <property name="java.vendor.url.bug" value="https://bugreport.java.com/bugreport/"/>
    <property name="java.io.tmpdir" value="/tmp"/>
    <property name="java.version" value="17.0.2"/>
    <property name="user.dir" value="/app"/>
    <property name="os.arch" value="amd64"/>
    <property name="java.vm.specification.name" value="Java Virtual Machine Specification"/>
    <property name="native.encoding" value="UTF-8"/>
    <property name="java.library.path" value="/usr/java/packages/lib:/usr/lib64:/lib64:/lib:/usr/lib"/>
    <property name="java.vm.info" value="mixed mode, sharing"/>
    <property name="java.vendor" value="Oracle Corporation"/>
    <property name="java.vm.version" value="17.0.2+8-86"/>
    <property name="sun.io.unicode.encoding" value="UnicodeLittle"/>
    <property name="java.class.version" value="61.0"/>
  </properties>
  <testcase name="testHomePageNavigation" classname="com.automationexercise.tests.HomePageTest" time="8.496">
    <system-out><![CDATA[Ad did not appear or could not be closed. Continuing...
]]></system-out>
    <system-err><![CDATA[SLF4J: Failed to load class "org.slf4j.impl.StaticLoggerBinder".
SLF4J: Defaulting to no-operation (NOP) logger implementation
SLF4J: See http://www.slf4j.org/codes.html#StaticLoggerBinder for further details.
Jun 30, 2025 2:26:01 AM org.openqa.selenium.devtools.CdpVersionFinder findNearestMatch
WARNING: Unable to find CDP implementation matching 138
Jun 30, 2025 2:26:01 AM org.openqa.selenium.chromium.ChromiumDriver lambda$new$5
WARNING: Unable to find version of CDP to use for 138.0.7204.49. You may need to include a dependency on a specific version of the CDP using something similar to `org.seleniumhq.selenium:selenium-devtools-v86:4.22.0` where the version ("v86") matches the version of the chromium-based browser you're using and the version number of the artifact is the same as Selenium's.
]]></system-err>
  </testcase>
  <testcase name="testValidLogin" classname="com.automationexercise.tests.LoginPositiveTest" time="14.252">
    <system-out><![CDATA[Ad did not appear or could not be closed. Continuing...
Ad on Login page did not appear or could not be closed. Continuing...
]]></system-out>
    <system-err><![CDATA[Jun 30, 2025 2:26:11 AM org.openqa.selenium.devtools.CdpVersionFinder findNearestMatch
WARNING: Unable to find CDP implementation matching 138
Jun 30, 2025 2:26:11 AM org.openqa.selenium.chromium.ChromiumDriver lambda$new$5
WARNING: Unable to find version of CDP to use for 138.0.7204.49. You may need to include a dependency on a specific version of the CDP using something similar to `org.seleniumhq.selenium:selenium-devtools-v86:4.22.0` where the version ("v86") matches the version of the chromium-based browser you're using and the version number of the artifact is the same as Selenium's.
]]></system-err>
  </testcase>
  <testcase name="testInvalidLogin" classname="com.automationexercise.tests.LoginNegativeTest" time="14.573">
    <system-out><![CDATA[Ad did not appear or could not be closed. Continuing...
Ad on Login page did not appear or could not be closed. Continuing...
]]></system-out>
    <system-err><![CDATA[Jun 30, 2025 2:26:26 AM org.openqa.selenium.devtools.CdpVersionFinder findNearestMatch
WARNING: Unable to find CDP implementation matching 138
Jun 30, 2025 2:26:26 AM org.openqa.selenium.chromium.ChromiumDriver lambda$new$5
WARNING: Unable to find version of CDP to use for 138.0.7204.49. You may need to include a dependency on a specific version of the CDP using something similar to `org.seleniumhq.selenium:selenium-devtools-v86:4.22.0` where the version ("v86") matches the version of the chromium-based browser you're using and the version number of the artifact is the same as Selenium's.
]]></system-err>
  </testcase>
  <testcase name="testAddProductToCart" classname="com.automationexercise.tests.AddToCartTest" time="12.156">
    <system-out><![CDATA[Ad did not appear or could not be closed. Continuing...
]]></system-out>
    <system-err><![CDATA[Jun 30, 2025 2:26:41 AM org.openqa.selenium.devtools.CdpVersionFinder findNearestMatch
WARNING: Unable to find CDP implementation matching 138
Jun 30, 2025 2:26:41 AM org.openqa.selenium.chromium.ChromiumDriver lambda$new$5
WARNING: Unable to find version of CDP to use for 138.0.7204.49. You may need to include a dependency on a specific version of the CDP using something similar to `org.seleniumhq.selenium:selenium-devtools-v86:4.22.0` where the version ("v86") matches the version of the chromium-based browser you're using and the version number of the artifact is the same as Selenium's.
]]></system-err>
  </testcase>
  <testcase name="testCheckoutProcess" classname="com.automationexercise.tests.CheckoutTest" time="42.147">
    <system-out><![CDATA[Ad did not appear or could not be closed. Continuing...
Ad on Login page did not appear or could not be closed. Continuing...
Ad on Registration page did not appear or could not be closed. Continuing...
Ad did not appear or could not be closed. Continuing...
Ad on Checkout page did not appear or could not be closed. Continuing...
]]></system-out>
    <system-err><![CDATA[Jun 30, 2025 2:26:54 AM org.openqa.selenium.devtools.CdpVersionFinder findNearestMatch
WARNING: Unable to find CDP implementation matching 138
Jun 30, 2025 2:26:54 AM org.openqa.selenium.chromium.ChromiumDriver lambda$new$5
WARNING: Unable to find version of CDP to use for 138.0.7204.49. You may need to include a dependency on a specific version of the CDP using something similar to `org.seleniumhq.selenium:selenium-devtools-v86:4.22.0` where the version ("v86") matches the version of the chromium-based browser you're using and the version number of the artifact is the same as Selenium's.
]]></system-err>
  </testcase>
  <testcase name="testSuccessfulRegistration" classname="com.automationexercise.tests.RegistrationTest" time="1.247">
    <system-err><![CDATA[Jun 30, 2025 2:27:38 AM org.openqa.selenium.devtools.CdpVersionFinder findNearestMatch
WARNING: Unable to find CDP implementation matching 138
Jun 30, 2025 2:27:38 AM org.openqa.selenium.chromium.ChromiumDriver lambda$new$5
WARNING: Unable to find version of CDP to use for 138.0.7204.49. You may need to include a dependency on a specific version of the CDP using something similar to `org.seleniumhq.selenium:selenium-devtools-v86:4.22.0` where the version ("v86") matches the version of the chromium-based browser you're using and the version number of the artifact is the same as Selenium's.
]]></system-err>
  </testcase>
  <testcase name="testProductDetailsAndAddToCart" classname="com.automationexercise.tests.ProductDetailsTest" time="13.472">
    <system-out><![CDATA[Ad did not appear or could not be closed. Continuing...
]]></system-out>
    <system-err><![CDATA[Jun 30, 2025 2:27:40 AM org.openqa.selenium.devtools.CdpVersionFinder findNearestMatch
WARNING: Unable to find CDP implementation matching 138
Jun 30, 2025 2:27:40 AM org.openqa.selenium.chromium.ChromiumDriver lambda$new$5
WARNING: Unable to find version of CDP to use for 138.0.7204.49. You may need to include a dependency on a specific version of the CDP using something similar to `org.seleniumhq.selenium:selenium-devtools-v86:4.22.0` where the version ("v86") matches the version of the chromium-based browser you're using and the version number of the artifact is the same as Selenium's.
]]></system-err>
  </testcase>
  <testcase name="testSearchForExistingProduct" classname="com.automationexercise.tests.SearchTest" time="11.274">
    <system-out><![CDATA[Ad did not appear or could not be closed. Continuing...
]]></system-out>
    <system-err><![CDATA[Jun 30, 2025 2:27:54 AM org.openqa.selenium.devtools.CdpVersionFinder findNearestMatch
WARNING: Unable to find CDP implementation matching 138
Jun 30, 2025 2:27:54 AM org.openqa.selenium.chromium.ChromiumDriver lambda$new$5
WARNING: Unable to find version of CDP to use for 138.0.7204.49. You may need to include a dependency on a specific version of the CDP using something similar to `org.seleniumhq.selenium:selenium-devtools-v86:4.22.0` where the version ("v86") matches the version of the chromium-based browser you're using and the version number of the artifact is the same as Selenium's.
]]></system-err>
  </testcase>
  <testcase name="testSearchForNonExistentProduct" classname="com.automationexercise.tests.SearchTest" time="9.783">
    <system-out><![CDATA[Ad did not appear or could not be closed. Continuing...
]]></system-out>
    <system-err><![CDATA[Jun 30, 2025 2:28:07 AM org.openqa.selenium.devtools.CdpVersionFinder findNearestMatch
WARNING: Unable to find CDP implementation matching 138
Jun 30, 2025 2:28:07 AM org.openqa.selenium.chromium.ChromiumDriver lambda$new$5
WARNING: Unable to find version of CDP to use for 138.0.7204.49. You may need to include a dependency on a specific version of the CDP using something similar to `org.seleniumhq.selenium:selenium-devtools-v86:4.22.0` where the version ("v86") matches the version of the chromium-based browser you're using and the version number of the artifact is the same as Selenium's.
]]></system-err>
  </testcase>
  <testcase name="testProductQuantityInCart" classname="com.automationexercise.tests.CartFunctionalityTest" time="13.202">
    <system-out><![CDATA[Ad did not appear or could not be closed. Continuing...
]]></system-out>
    <system-err><![CDATA[Jun 30, 2025 2:28:17 AM org.openqa.selenium.devtools.CdpVersionFinder findNearestMatch
WARNING: Unable to find CDP implementation matching 138
Jun 30, 2025 2:28:17 AM org.openqa.selenium.chromium.ChromiumDriver lambda$new$5
WARNING: Unable to find version of CDP to use for 138.0.7204.49. You may need to include a dependency on a specific version of the CDP using something similar to `org.seleniumhq.selenium:selenium-devtools-v86:4.22.0` where the version ("v86") matches the version of the chromium-based browser you're using and the version number of the artifact is the same as Selenium's.
]]></system-err>
  </testcase>
  <testcase name="testRemoveProductFromCart" classname="com.automationexercise.tests.CartFunctionalityTest" time="12.916">
    <system-out><![CDATA[Ad did not appear or could not be closed. Continuing...
]]></system-out>
    <system-err><![CDATA[Jun 30, 2025 2:28:31 AM org.openqa.selenium.devtools.CdpVersionFinder findNearestMatch
WARNING: Unable to find CDP implementation matching 138
Jun 30, 2025 2:28:31 AM org.openqa.selenium.chromium.ChromiumDriver lambda$new$5
WARNING: Unable to find version of CDP to use for 138.0.7204.49. You may need to include a dependency on a specific version of the CDP using something similar to `org.seleniumhq.selenium:selenium-devtools-v86:4.22.0` where the version ("v86") matches the version of the chromium-based browser you're using and the version number of the artifact is the same as Selenium's.
]]></system-err>
  </testcase>
</testsuite>