<?xml version="1.0" encoding="UTF-8"?>
<!-- Generated by org.testng.reporters.JUnitReportReporter -->
<testsuite hostname="033775bad3c9" failures="0" tests="1" name="com.automationexercise.tests.RegistrationTest" time="2.362" errors="0" timestamp="2025-06-30T02:28:45 UTC" skipped="0">
  <testcase classname="com.automationexercise.tests.RegistrationTest" name="testSuccessfulRegistration" time="2.362"/>
</testsuite> <!-- com.automationexercise.tests.RegistrationTest -->
