<?xml version="1.0" encoding="UTF-8"?>
<!-- Generated by org.testng.reporters.JUnitReportReporter -->
<testsuite hostname="608576f6f0c1" failures="0" tests="2" name="com.automationexercise.tests.SearchTest" time="48.880" errors="0" timestamp="2025-06-30T03:15:46 UTC" skipped="0">
  <testcase classname="com.automationexercise.tests.SearchTest" name="testSearchForExistingProduct" time="21.173"/>
  <testcase classname="com.automationexercise.tests.SearchTest" name="testSearchForNonExistentProduct" time="27.707"/>
</testsuite> <!-- com.automationexercise.tests.SearchTest -->
