<?xml version="1.0" encoding="UTF-8"?>
<!-- Generated by org.testng.reporters.JUnitReportReporter -->
<testsuite hostname="608576f6f0c1" failures="0" tests="2" name="com.automationexercise.tests.CartFunctionalityTest" time="49.375" errors="0" timestamp="2025-06-30T03:15:46 UTC" skipped="0">
  <testcase classname="com.automationexercise.tests.CartFunctionalityTest" name="testProductQuantityInCart" time="25.098"/>
  <testcase classname="com.automationexercise.tests.CartFunctionalityTest" name="testRemoveProductFromCart" time="24.277"/>
</testsuite> <!-- com.automationexercise.tests.CartFunctionalityTest -->
