<?xml version="1.0" encoding="UTF-8"?>
<!-- Generated by org.testng.reporters.JUnitReportReporter -->
<testsuite hostname="VP" failures="0" tests="2" name="com.automationexercise.tests.AddToCartTest" time="42.792" errors="0" timestamp="2025-06-30T11:22:40 MST" skipped="0">
  <testcase classname="com.automationexercise.tests.AddToCartTest" name="testAddProductToCart" time="27.684"/>
  <testcase classname="com.automationexercise.tests.AddToCartTest" name="testAddProductToCart" time="15.108"/>
</testsuite> <!-- com.automationexercise.tests.AddToCartTest -->
