<?xml version="1.0" encoding="UTF-8"?>
<!-- Generated by org.testng.reporters.JUnitReportReporter -->
<testsuite hostname="608576f6f0c1" failures="0" tests="1" name="com.automationexercise.tests.LoginNegativeTest" time="21.342" errors="0" timestamp="2025-06-30T03:15:46 UTC" skipped="0">
  <testcase classname="com.automationexercise.tests.LoginNegativeTest" name="testInvalidLogin" time="21.342"/>
</testsuite> <!-- com.automationexercise.tests.LoginNegativeTest -->
