<?xml version="1.0" encoding="UTF-8"?>
<!-- Generated by org.testng.reporters.JUnitReportReporter -->
<testsuite hostname="VP" failures="0" tests="2" name="com.automationexercise.tests.CartFunctionalityTest" time="24.075" errors="0" timestamp="2025-06-29T15:51:27 MST" skipped="0">
  <testcase classname="com.automationexercise.tests.CartFunctionalityTest" name="testProductQuantityInCart" time="11.592"/>
  <testcase classname="com.automationexercise.tests.CartFunctionalityTest" name="testRemoveProductFromCart" time="12.483"/>
</testsuite> <!-- com.automationexercise.tests.CartFunctionalityTest -->
