<?xml version="1.0" encoding="UTF-8"?>
<!-- Generated by org.testng.reporters.JUnitReportReporter -->
<testsuite hostname="033775bad3c9" failures="0" tests="1" name="com.automationexercise.tests.HomePageTest" time="15.579" errors="0" timestamp="2025-06-30T02:28:45 UTC" skipped="0">
  <testcase classname="com.automationexercise.tests.HomePageTest" name="testHomePageNavigation" time="15.579"/>
</testsuite> <!-- com.automationexercise.tests.HomePageTest -->
