<?xml version="1.0" encoding="UTF-8"?>
<!-- Generated by org.testng.reporters.JUnitReportReporter -->
<testsuite hostname="VP" failures="0" tests="1" name="com.automationexercise.tests.CheckoutTest" time="38.433" errors="0" timestamp="2025-06-29T18:04:19 MST" skipped="0">
  <testcase classname="com.automationexercise.tests.CheckoutTest" name="testCheckoutProcess" time="38.433"/>
</testsuite> <!-- com.automationexercise.tests.CheckoutTest -->
