<?xml version="1.0" encoding="UTF-8"?>
<!-- Generated by org.testng.reporters.JUnitReportReporter -->
<testsuite hostname="VP" failures="0" tests="2" name="com.automationexercise.tests.HomePageTest" time="43.181" errors="0" timestamp="2025-06-30T11:22:40 MST" skipped="0">
  <testcase classname="com.automationexercise.tests.HomePageTest" name="testHomePageNavigation" time="25.523"/>
  <testcase classname="com.automationexercise.tests.HomePageTest" name="testHomePageNavigation" time="17.658"/>
</testsuite> <!-- com.automationexercise.tests.HomePageTest -->
