<?xml version="1.0" encoding="UTF-8"?>
<!-- Generated by org.testng.reporters.JUnitReportReporter -->
<testsuite hostname="033775bad3c9" failures="0" tests="2" name="com.automationexercise.tests.CartFunctionalityTest" time="27.876" errors="0" timestamp="2025-06-30T02:28:45 UTC" skipped="0">
  <testcase classname="com.automationexercise.tests.CartFunctionalityTest" name="testProductQuantityInCart" time="14.033"/>
  <testcase classname="com.automationexercise.tests.CartFunctionalityTest" name="testRemoveProductFromCart" time="13.843"/>
</testsuite> <!-- com.automationexercise.tests.CartFunctionalityTest -->
