<?xml version="1.0" encoding="UTF-8"?>
<!-- Generated by org.testng.reporters.JUnitReportReporter -->
<testsuite hostname="VP" failures="0" tests="4" name="com.automationexercise.tests.CartFunctionalityTest" time="84.713" errors="0" timestamp="2025-06-30T11:22:40 MST" skipped="0">
  <testcase classname="com.automationexercise.tests.CartFunctionalityTest" name="testProductQuantityInCart" time="23.433"/>
  <testcase classname="com.automationexercise.tests.CartFunctionalityTest" name="testRemoveProductFromCart" time="17.134"/>
  <testcase classname="com.automationexercise.tests.CartFunctionalityTest" name="testProductQuantityInCart" time="19.229"/>
  <testcase classname="com.automationexercise.tests.CartFunctionalityTest" name="testRemoveProductFromCart" time="24.917"/>
</testsuite> <!-- com.automationexercise.tests.CartFunctionalityTest -->
