<?xml version="1.0" encoding="UTF-8"?>
<!-- Generated by org.testng.reporters.JUnitReportReporter -->
<testsuite hostname="VP" failures="0" tests="2" name="com.automationexercise.tests.SearchTest" time="23.731" errors="0" timestamp="2025-06-29T15:10:06 MST" skipped="0">
  <testcase classname="com.automationexercise.tests.SearchTest" name="testSearchForNonExistentProduct" time="10.394"/>
  <testcase classname="com.automationexercise.tests.SearchTest" name="testSearchForExistingProduct" time="13.337"/>
</testsuite> <!-- com.automationexercise.tests.SearchTest -->
