<?xml version="1.0" encoding="UTF-8"?>
<!-- Generated by org.testng.reporters.JUnitReportReporter -->
<testsuite hostname="VP" failures="0" tests="2" name="com.automationexercise.tests.ProductDetailsTest" time="44.173" errors="0" timestamp="2025-06-30T11:22:40 MST" skipped="0">
  <testcase classname="com.automationexercise.tests.ProductDetailsTest" name="testProductDetailsAndAddToCart" time="17.367"/>
  <testcase classname="com.automationexercise.tests.ProductDetailsTest" name="testProductDetailsAndAddToCart" time="26.806"/>
</testsuite> <!-- com.automationexercise.tests.ProductDetailsTest -->
