<?xml version="1.0" encoding="UTF-8"?>
<!-- Generated by org.testng.reporters.JUnitReportReporter -->
<testsuite hostname="VP" failures="0" tests="2" name="com.automationexercise.tests.LoginNegativeTest" time="45.804" errors="0" timestamp="2025-06-30T11:22:40 MST" skipped="0">
  <testcase classname="com.automationexercise.tests.LoginNegativeTest" name="testInvalidLogin" time="29.150"/>
  <testcase classname="com.automationexercise.tests.LoginNegativeTest" name="testInvalidLogin" time="16.654"/>
</testsuite> <!-- com.automationexercise.tests.LoginNegativeTest -->
