<?xml version="1.0" encoding="UTF-8"?>
<!-- Generated by org.testng.reporters.JUnitReportReporter -->
<testsuite hostname="VP" failures="0" tests="2" name="com.automationexercise.tests.CartFunctionalityTest" time="23.769" errors="0" timestamp="2025-06-29T18:04:19 MST" skipped="0">
  <testcase classname="com.automationexercise.tests.CartFunctionalityTest" name="testRemoveProductFromCart" time="10.512"/>
  <testcase classname="com.automationexercise.tests.CartFunctionalityTest" name="testProductQuantityInCart" time="13.257"/>
</testsuite> <!-- com.automationexercise.tests.CartFunctionalityTest -->
