<?xml version="1.0" encoding="UTF-8"?>
<!-- Generated by org.testng.reporters.JUnitReportReporter -->
<testsuite hostname="033775bad3c9" failures="0" tests="1" name="com.automationexercise.tests.LoginPositiveTest" time="15.074" errors="0" timestamp="2025-06-30T02:28:45 UTC" skipped="0">
  <testcase classname="com.automationexercise.tests.LoginPositiveTest" name="testValidLogin" time="15.074"/>
</testsuite> <!-- com.automationexercise.tests.LoginPositiveTest -->
