<?xml version="1.0" encoding="UTF-8"?>
<!-- Generated by org.testng.reporters.JUnitReportReporter -->
<testsuite hostname="VP" failures="0" tests="2" name="com.automationexercise.tests.CartFunctionalityTest" time="29.038" errors="0" timestamp="2025-06-29T15:10:06 MST" skipped="0">
  <testcase classname="com.automationexercise.tests.CartFunctionalityTest" name="testRemoveProductFromCart" time="16.299"/>
  <testcase classname="com.automationexercise.tests.CartFunctionalityTest" name="testProductQuantityInCart" time="12.739"/>
</testsuite> <!-- com.automationexercise.tests.CartFunctionalityTest -->
