<?xml version="1.0" encoding="UTF-8"?>
<!-- Generated by org.testng.reporters.JUnitReportReporter -->
<testsuite hostname="VP" failures="0" tests="2" name="com.automationexercise.tests.RegistrationTest" time="16.770" errors="0" timestamp="2025-06-30T11:22:40 MST" skipped="0">
  <testcase classname="com.automationexercise.tests.RegistrationTest" name="testSuccessfulRegistration" time="13.679"/>
  <testcase classname="com.automationexercise.tests.RegistrationTest" name="testSuccessfulRegistration" time="3.091"/>
</testsuite> <!-- com.automationexercise.tests.RegistrationTest -->
