<?xml version="1.0" encoding="UTF-8"?>
<!-- Generated by org.testng.reporters.JUnitReportReporter -->
<testsuite hostname="VP" failures="0" tests="1" name="com.automationexercise.tests.HomePageTest" time="9.863" errors="0" timestamp="2025-06-29T15:10:06 MST" skipped="0">
  <testcase classname="com.automationexercise.tests.HomePageTest" name="testHomePageNavigation" time="9.863"/>
</testsuite> <!-- com.automationexercise.tests.HomePageTest -->
