<?xml version="1.0" encoding="UTF-8"?>
<!-- Generated by org.testng.reporters.JUnitReportReporter -->
<testsuite hostname="VP" failures="0" tests="2" name="com.automationexercise.tests.SearchTest" time="19.015" errors="0" timestamp="2025-06-29T15:51:27 MST" skipped="0">
  <testcase classname="com.automationexercise.tests.SearchTest" name="testSearchForExistingProduct" time="9.591"/>
  <testcase classname="com.automationexercise.tests.SearchTest" name="testSearchForNonExistentProduct" time="9.424"/>
</testsuite> <!-- com.automationexercise.tests.SearchTest -->
