<?xml version="1.0" encoding="UTF-8"?>
<!-- Generated by org.testng.reporters.JUnitReportReporter -->
<testsuite hostname="033775bad3c9" failures="0" tests="2" name="com.automationexercise.tests.SearchTest" time="23.006" errors="0" timestamp="2025-06-30T02:28:45 UTC" skipped="0">
  <testcase classname="com.automationexercise.tests.SearchTest" name="testSearchForExistingProduct" time="12.407"/>
  <testcase classname="com.automationexercise.tests.SearchTest" name="testSearchForNonExistentProduct" time="10.599"/>
</testsuite> <!-- com.automationexercise.tests.SearchTest -->
