<?xml version="1.0" encoding="UTF-8"?>
<!-- Generated by org.testng.reporters.JUnitReportReporter -->
<testsuite hostname="VP" failures="0" tests="1" name="com.automationexercise.tests.RegistrationTest" time="2.498" errors="0" timestamp="2025-06-29T15:10:06 MST" skipped="0">
  <testcase classname="com.automationexercise.tests.RegistrationTest" name="testSuccessfulRegistration" time="2.498"/>
</testsuite> <!-- com.automationexercise.tests.RegistrationTest -->
