<?xml version="1.0" encoding="UTF-8"?>
<!-- Generated by org.testng.reporters.JUnitReportReporter -->
<testsuite hostname="VP" failures="0" tests="4" name="com.automationexercise.tests.SearchTest" time="71.981" errors="0" timestamp="2025-06-30T11:22:40 MST" skipped="0">
  <testcase classname="com.automationexercise.tests.SearchTest" name="testSearchForExistingProduct" time="13.069"/>
  <testcase classname="com.automationexercise.tests.SearchTest" name="testSearchForNonExistentProduct" time="15.476"/>
  <testcase classname="com.automationexercise.tests.SearchTest" name="testSearchForNonExistentProduct" time="21.079"/>
  <testcase classname="com.automationexercise.tests.SearchTest" name="testSearchForExistingProduct" time="22.357"/>
</testsuite> <!-- com.automationexercise.tests.SearchTest -->
