<?xml version="1.0" encoding="UTF-8"?>
<!-- Generated by org.testng.reporters.JUnitReportReporter -->
<testsuite hostname="VP" failures="0" tests="1" name="com.automationexercise.tests.ProductDetailsTest" time="11.133" errors="0" timestamp="2025-06-29T15:51:27 MST" skipped="0">
  <testcase classname="com.automationexercise.tests.ProductDetailsTest" name="testProductDetailsAndAddToCart" time="11.133"/>
</testsuite> <!-- com.automationexercise.tests.ProductDetailsTest -->
