<?xml version="1.0" encoding="UTF-8"?>
<!-- Generated by org.testng.reporters.JUnitReportReporter -->
<testsuite hostname="VP" failures="0" tests="1" name="com.automationexercise.tests.AddToCartTest" time="11.492" errors="0" timestamp="2025-06-29T15:10:06 MST" skipped="0">
  <testcase classname="com.automationexercise.tests.AddToCartTest" name="testAddProductToCart" time="11.492"/>
</testsuite> <!-- com.automationexercise.tests.AddToCartTest -->
