<?xml version="1.0" encoding="UTF-8"?>
<!-- Generated by org.testng.reporters.JUnitReportReporter -->
<testsuite hostname="VP" failures="0" tests="2" name="com.automationexercise.tests.LoginPositiveTest" time="46.214" errors="0" timestamp="2025-06-30T11:22:40 MST" skipped="0">
  <testcase classname="com.automationexercise.tests.LoginPositiveTest" name="testValidLogin" time="19.136"/>
  <testcase classname="com.automationexercise.tests.LoginPositiveTest" name="testValidLogin" time="27.078"/>
</testsuite> <!-- com.automationexercise.tests.LoginPositiveTest -->
